<?xml version="1.0" encoding="UTF-8"?>
<!-- Generated by org.testng.reporters.JUnitXMLReporter -->
<testsuite hostname="LAPTOP-2NV81HV3" ignored="0" name="Add Customer Test" tests="3" failures="0" timestamp="08 Nov 2019 19:22:52 GMT" time="2.483" errors="0">
  <testcase name="addCustomerTest" time="1.264" classname="testCases.AddCustomerTest"/>
  <testcase name="addCustomerTest" time="0.682" classname="testCases.AddCustomerTest"/>
  <testcase name="addCustomerTest" time="0.003" classname="testCases.AddCustomerTest">
    <skipped/>
  </testcase> <!-- addCustomerTest -->
</testsuite> <!-- Add Customer Test -->
