<?xml version="1.0" encoding="UTF-8"?>
<!-- Generated by org.testng.reporters.JUnitXMLReporter -->
<testsuite hostname="LAPTOP-2NV81HV3" ignored="0" name="Add Customer Test" tests="3" failures="0" timestamp="09 Nov 2019 06:16:48 GMT" time="1.566" errors="0">
  <testcase name="addCustomerTest" time="0.833" classname="testCases.AddCustomerTest"/>
  <testcase name="addCustomerTest" time="0.413" classname="testCases.AddCustomerTest"/>
  <testcase name="addCustomerTest" time="0.0" classname="testCases.AddCustomerTest">
    <skipped/>
  </testcase> <!-- addCustomerTest -->
</testsuite> <!-- Add Customer Test -->
