<?xml version="1.0" encoding="UTF-8"?>
<!-- Generated by org.testng.reporters.JUnitXMLReporter -->
<testsuite hostname="LAPTOP-2NV81HV3" ignored="0" name="Open Account Test" tests="3" failures="0" timestamp="09 Nov 2019 06:16:50 GMT" time="1.296" errors="0">
  <testcase name="openAccountTest" time="0.73" classname="testCases.OpenAccountTest"/>
  <testcase name="openAccountTest" time="0.327" classname="testCases.OpenAccountTest"/>
  <testcase name="openAccountTest" time="0.0" classname="testCases.OpenAccountTest">
    <skipped/>
  </testcase> <!-- openAccountTest -->
</testsuite> <!-- Open Account Test -->
