<?xml version="1.0" encoding="UTF-8"?>
<testsuite name="TestSuite" time="2.613" tests="7" errors="0" skipped="2" failures="0">
  <properties>
[...]
</properties>
  <testcase name="bankManagerLoginTest" classname="testCases.BankManagerLoginTest" time="0.433"/>
  <testcase name="addCustomerTest" classname="testCases.AddCustomerTest" time="1.265"/>
  <testcase name="addCustomerTest" classname="testCases.AddCustomerTest" time="0.685"/>
  <testcase name="addCustomerTest" classname="testCases.AddCustomerTest" time="0">
    <skipped/>
  </testcase>
  <testcase name="openAccountTest" classname="testCases.OpenAccountTest" time="0.915"/>
  <testcase name="openAccountTest" classname="testCases.OpenAccountTest" time="0.499"/>
  <testcase name="openAccountTest" classname="testCases.OpenAccountTest" time="0">
    <skipped/>
  </testcase>
</testsuite>