<?xml version="1.0" encoding="UTF-8"?>
<testsuite name="Add Customer Test"
           tests="3"
           failures="0"
           errors="0"
           skipped="1"
           time="1.246">
  <properties />
  
            <testcase name="addCustomerTest" time="0.0" classname="testCases.AddCustomerTest">
          <skipped />
    </testcase>
  
            <testcase name="addCustomerTest" time="0.413" classname="testCases.AddCustomerTest" />
                <testcase name="addCustomerTest" time="0.833" classname="testCases.AddCustomerTest" />
      
</testsuite>
